2019-05-14 05:16:29 +0000  Initial pipeline context: <IDEDistributionProcessingPipelineContext: 0x7f8c35601a00; archive(resolved)='<IDEArchive: 0x7f8c19836b20>', distributionTask(resolved)='2', distributionDestination(resolved)='1', distributionMethod(resolved)='<IDEDistributionMethodiOSAppStoreDistribution: 0x7f8c35a65d10>', team(resolved)='<IDEProvisioningDisambiguatableBasicTeam: 0x7f8c32863170; teamID='3K8X379JCY', teamName='Richard Thema', teamType='Individual', username='rich_art17@hotmail.com', isFreeProvisioningTeam='0'>'>
	Chain (12, self inclusive):
	<IDEDistributionProcessingPipelineContext: 0x7f8c35601a00; archive = '<IDEArchive: 0x7f8c19836b20>', distributionMethod='<IDEDistributionMethodiOSAppStoreDistribution: 0x7f8c35a65d10>', team='<IDEProvisioningDisambiguatableBasicTeam: 0x7f8c32863170; teamID='3K8X379JCY', teamName='Richard Thema', teamType='Individual', username='rich_art17@hotmail.com', isFreeProvisioningTeam='0'>'>
	<IDEDistributionProcessingPipelineContext: 0x7f8c19a694d0; archive = '<IDEArchive: 0x7f8c19836b20>', distributionMethod='<IDEDistributionMethodiOSAppStoreDistribution: 0x7f8c35a65d10>', team='<IDEProvisioningDisambiguatableBasicTeam: 0x7f8c32863170; teamID='3K8X379JCY', teamName='Richard Thema', teamType='Individual', username='rich_art17@hotmail.com', isFreeProvisioningTeam='0'>'>
	<IDEDistributionContext: 0x7f8c19b5ec00; archive = '<IDEArchive: 0x7f8c19836b20>', distributionMethod='<IDEDistributionMethodiOSAppStoreDistribution: 0x7f8c35a65d10>', team='<IDEProvisioningDisambiguatableBasicTeam: 0x7f8c32863170; teamID='3K8X379JCY', teamName='Richard Thema', teamType='Individual', username='rich_art17@hotmail.com', isFreeProvisioningTeam='0'>'>
	<IDEDistributionContext: 0x7f8c19b58160; archive = '<IDEArchive: 0x7f8c19836b20>', distributionMethod='<IDEDistributionMethodiOSAppStoreDistribution: 0x7f8c35a65d10>', team='<IDEProvisioningDisambiguatableBasicTeam: 0x7f8c32863170; teamID='3K8X379JCY', teamName='Richard Thema', teamType='Individual', username='rich_art17@hotmail.com', isFreeProvisioningTeam='0'>'>
	<IDEDistributionContext: 0x7f8c198690c0; archive = '<IDEArchive: 0x7f8c19836b20>', distributionMethod='<IDEDistributionMethodiOSAppStoreDistribution: 0x7f8c35a65d10>', team='<IDEProvisioningDisambiguatableBasicTeam: 0x7f8c32863170; teamID='3K8X379JCY', teamName='Richard Thema', teamType='Individual', username='rich_art17@hotmail.com', isFreeProvisioningTeam='0'>'>
	<IDEDistributionContext: 0x7f8c19badba0; archive = '<IDEArchive: 0x7f8c19836b20>', distributionMethod='<IDEDistributionMethodiOSAppStoreDistribution: 0x7f8c35a65d10>', team='<IDEProvisioningDisambiguatableBasicTeam: 0x7f8c32863170; teamID='3K8X379JCY', teamName='Richard Thema', teamType='Individual', username='rich_art17@hotmail.com', isFreeProvisioningTeam='0'>'>
	<IDEDistributionContext: 0x7f8c19a6fe70; archive = '<IDEArchive: 0x7f8c19836b20>', distributionMethod='<IDEDistributionMethodiOSAppStoreDistribution: 0x7f8c35a65d10>', team='<IDEProvisioningDisambiguatableBasicTeam: 0x7f8c32863170; teamID='3K8X379JCY', teamName='Richard Thema', teamType='Individual', username='rich_art17@hotmail.com', isFreeProvisioningTeam='0'>'>
	<IDEDistributionContext: 0x7f8c37bc1000; archive = '<IDEArchive: 0x7f8c19836b20>', distributionMethod='<IDEDistributionMethodiOSAppStoreDistribution: 0x7f8c35a65d10>', team='<IDEProvisioningDisambiguatableBasicTeam: 0x7f8c32863170; teamID='3K8X379JCY', teamName='Richard Thema', teamType='Individual', username='rich_art17@hotmail.com', isFreeProvisioningTeam='0'>'>
	<IDEDistributionContext: 0x7f8c19a98970; archive = '<IDEArchive: 0x7f8c19836b20>', distributionMethod='<IDEDistributionMethodiOSAppStoreDistribution: 0x7f8c35a65d10>', team='<IDEProvisioningDisambiguatableBasicTeam: 0x7f8c32863170; teamID='3K8X379JCY', teamName='Richard Thema', teamType='Individual', username='rich_art17@hotmail.com', isFreeProvisioningTeam='0'>'>
	<IDEDistributionContext: 0x7f8c199798f0; archive = '<IDEArchive: 0x7f8c19836b20>', distributionMethod='<IDEDistributionMethodiOSAppStoreDistribution: 0x7f8c35a65d10>', team='(null)'>
	<IDEDistributionContext: 0x7f8c19b60410; archive = '<IDEArchive: 0x7f8c19836b20>', distributionMethod='<IDEDistributionMethodiOSAppStoreDistribution: 0x7f8c35a65d10>', team='(null)'>
	<IDEDistributionContext: 0x7f8c198ace30; archive = '<IDEArchive: 0x7f8c19836b20>', distributionMethod='(null)', team='(null)'>
</IDEDistributionProcessingPipelineContext: 0x7f8c35601a00>
2019-05-14 05:16:29 +0000  Processing step: IDEDistributionCreateDestRootStep
2019-05-14 05:16:29 +0000  Processing step: IDEDistributionCopyItemStep
2019-05-14 05:16:29 +0000  Running /usr/bin/ditto '-V' '/Users/gua/Library/Developer/Xcode/Archives/2019-05-14/TafsirMimpi 14-05-19 12.14.xcarchive/Products/Applications/TafsirMimpi.app' '/var/folders/xd/wrc1gx9n2fx2f28b3jm_hgbc0000gp/T/XcodeDistPipeline.~~~8Czq2V/Root/Payload/TafsirMimpi.app'
2019-05-14 05:16:29 +0000  >>> Copying /Users/gua/Library/Developer/Xcode/Archives/2019-05-14/TafsirMimpi 14-05-19 12.14.xcarchive/Products/Applications/TafsirMimpi.app 
2019-05-14 05:16:29 +0000  copying file ./_CodeSignature/CodeResources ... 
2019-05-14 05:16:29 +0000  24843 bytes for ./_CodeSignature/CodeResources
2019-05-14 05:16:29 +0000  copying file ./Lato-Italic.ttf ... 
2019-05-14 05:16:29 +0000  118352 bytes for ./Lato-Italic.ttf
copying file ./Raleway-BoldItalic.ttf ... 
2019-05-14 05:16:29 +0000  148184 bytes for ./Raleway-BoldItalic.ttf
2019-05-14 05:16:29 +0000  copying file ./Lato-LightItalic.ttf ... 
2019-05-14 05:16:29 +0000  91600 bytes for ./Lato-LightItalic.ttf
2019-05-14 05:16:29 +0000  copying file ./Raleway-MediumItalic.ttf ... 
2019-05-14 05:16:29 +0000  147568 bytes for ./Raleway-MediumItalic.ttf
2019-05-14 05:16:29 +0000  copying file ./AppIcon20x20@2x.png ... 
2019-05-14 05:16:29 +0000  1552 bytes for ./AppIcon20x20@2x.png
2019-05-14 05:16:29 +0000  copying file ./Montserrat-LightItalic.ttf ... 
2019-05-14 05:16:29 +0000  263712 bytes for ./Montserrat-LightItalic.ttf
2019-05-14 05:16:29 +0000  copying file ./OpenSans-SemiBold.ttf ... 
2019-05-14 05:16:29 +0000  221164 bytes for ./OpenSans-SemiBold.ttf
2019-05-14 05:16:29 +0000  copying file ./Raleway-ThinItalic.ttf ... 
2019-05-14 05:16:29 +0000  141884 bytes for ./Raleway-ThinItalic.ttf
2019-05-14 05:16:29 +0000  copying file ./Raleway-ExtraLight.ttf ... 
2019-05-14 05:16:29 +0000  176344 bytes for ./Raleway-ExtraLight.ttf
2019-05-14 05:16:29 +0000  copying file ./Montserrat-Medium.ttf ... 
2019-05-14 05:16:29 +0000  260236 bytes for ./Montserrat-Medium.ttf
2019-05-14 05:16:29 +0000  copying file ./Lato-Bold.ttf ... 
2019-05-14 05:16:29 +0000  121788 bytes for ./Lato-Bold.ttf
2019-05-14 05:16:29 +0000  copying file ./Lato-Black.ttf ... 
2019-05-14 05:16:29 +0000  114588 bytes for ./Lato-Black.ttf
2019-05-14 05:16:29 +0000  copying file ./AppIcon20x20@3x.png ... 
2019-05-14 05:16:29 +0000  2200 bytes for ./AppIcon20x20@3x.png
2019-05-14 05:16:29 +0000  copying file ./Raleway-Medium.ttf ... 
2019-05-14 05:16:29 +0000  179444 bytes for ./Raleway-Medium.ttf
2019-05-14 05:16:29 +0000  copying file ./Raleway-SemiBold.ttf ... 
2019-05-14 05:16:29 +0000  180492 bytes for ./Raleway-SemiBold.ttf
2019-05-14 05:16:29 +0000  copying file ./Aristotelica-Bold.ttf ... 
2019-05-14 05:16:29 +0000  297692 bytes for ./Aristotelica-Bold.ttf
2019-05-14 05:16:29 +0000  copying file ./Lato-HairlineItalic.ttf ... 
2019-05-14 05:16:29 +0000  91460 bytes for ./Lato-HairlineItalic.ttf
2019-05-14 05:16:29 +0000  copying file ./Raleway-ExtraBold.ttf ... 
2019-05-14 05:16:29 +0000  178128 bytes for ./Raleway-ExtraBold.ttf
2019-05-14 05:16:29 +0000  copying file ./AppIcon60x60@2x.png ... 
2019-05-14 05:16:29 +0000  5024 bytes for ./AppIcon60x60@2x.png
2019-05-14 05:16:29 +0000  copying file ./Montserrat-BoldItalic.ttf ... 
2019-05-14 05:16:29 +0000  266748 bytes for ./Montserrat-BoldItalic.ttf
2019-05-14 05:16:29 +0000  copying file ./Raleway-ExtraBoldItalic.ttf ... 
2019-05-14 05:16:29 +0000  148100 bytes for ./Raleway-ExtraBoldItalic.ttf
2019-05-14 05:16:29 +0000  copying file ./Montserrat-Light.ttf ... 
2019-05-14 05:16:29 +0000  259416 bytes for ./Montserrat-Light.ttf
2019-05-14 05:16:29 +0000  copying file ./AppIcon29x29@2x.png ... 
2019-05-14 05:16:29 +0000  2020 bytes for ./AppIcon29x29@2x.png
2019-05-14 05:16:29 +0000  copying file ./Montserrat-ThinItalic.ttf ... 
2019-05-14 05:16:29 +0000  262776 bytes for ./Montserrat-ThinItalic.ttf
2019-05-14 05:16:29 +0000  copying file ./AppIcon40x40@3x.png ... 
2019-05-14 05:16:29 +0000  5024 bytes for ./AppIcon40x40@3x.png
copying file ./Montserrat-ExtraLight.ttf ... 
2019-05-14 05:16:29 +0000  259888 bytes for ./Montserrat-ExtraLight.ttf
2019-05-14 05:16:29 +0000  copying file ./Montserrat-Thin.ttf ... 
2019-05-14 05:16:29 +0000  258748 bytes for ./Montserrat-Thin.ttf
2019-05-14 05:16:29 +0000  copying file ./Lato-Regular.ttf ... 
2019-05-14 05:16:29 +0000  120196 bytes for ./Lato-Regular.ttf
copying file ./OpenSans-Light.ttf ... 
2019-05-14 05:16:29 +0000  222236 bytes for ./OpenSans-Light.ttf
copying file ./Raleway-Regular.ttf ... 
2019-05-14 05:16:29 +0000  178520 bytes for ./Raleway-Regular.ttf
2019-05-14 05:16:29 +0000  copying file ./Montserrat-Bold.ttf ... 
2019-05-14 05:16:29 +0000  261588 bytes for ./Montserrat-Bold.ttf
copying file ./Raleway-ExtraLightItalic.ttf ... 
2019-05-14 05:16:29 +0000  142192 bytes for ./Raleway-ExtraLightItalic.ttf
copying file ./Montserrat-MediumItalic.ttf ... 
2019-05-14 05:16:29 +0000  265176 bytes for ./Montserrat-MediumItalic.ttf
2019-05-14 05:16:29 +0000  copying file ./Lato-Hairline.ttf ... 
2019-05-14 05:16:29 +0000  115316 bytes for ./Lato-Hairline.ttf
copying file ./AppIcon40x40@2x.png ... 
2019-05-14 05:16:29 +0000  3470 bytes for ./AppIcon40x40@2x.png
copying file ./OpenSans-Italic.ttf ... 
2019-05-14 05:16:29 +0000  212760 bytes for ./OpenSans-Italic.ttf
2019-05-14 05:16:29 +0000  copying file ./Raleway-SemiBoldItalic.ttf ... 
2019-05-14 05:16:29 +0000  146584 bytes for ./Raleway-SemiBoldItalic.ttf
copying file ./Lato-BlackItalic.ttf ... 
2019-05-14 05:16:29 +0000  111616 bytes for ./Lato-BlackItalic.ttf
copying file ./AppIcon29x29@3x.png ... 
2019-05-14 05:16:29 +0000  3442 bytes for ./AppIcon29x29@3x.png
2019-05-14 05:16:29 +0000  copying file ./Montserrat-BlackItalic.ttf ... 
2019-05-14 05:16:29 +0000  279380 bytes for ./Montserrat-BlackItalic.ttf
copying file ./Raleway-Light.ttf ... 
2019-05-14 05:16:29 +0000  182376 bytes for ./Raleway-Light.ttf
2019-05-14 05:16:29 +0000  copying file ./AppIcon60x60@3x.png ... 
2019-05-14 05:16:29 +0000  6991 bytes for ./AppIcon60x60@3x.png
2019-05-14 05:16:29 +0000  copying file ./Base.lproj/LaunchScreen.nib ... 
2019-05-14 05:16:29 +0000  1213 bytes for ./Base.lproj/LaunchScreen.nib
2019-05-14 05:16:29 +0000  copying file ./OpenSans-ExtraBold.ttf ... 
2019-05-14 05:16:29 +0000  222424 bytes for ./OpenSans-ExtraBold.ttf
2019-05-14 05:16:29 +0000  copying file ./Assets.car ... 
2019-05-14 05:16:29 +0000  170088 bytes for ./Assets.car
copying file ./Montserrat-SemiBold.ttf ... 
2019-05-14 05:16:29 +0000  260936 bytes for ./Montserrat-SemiBold.ttf
copying file ./OpenSans-LightItalic.ttf ... 
2019-05-14 05:16:29 +0000  213024 bytes for ./OpenSans-LightItalic.ttf
2019-05-14 05:16:29 +0000  copying file ./Raleway-Black.ttf ... 
2019-05-14 05:16:29 +0000  180592 bytes for ./Raleway-Black.ttf
2019-05-14 05:16:29 +0000  copying file ./Montserrat-ExtraLightItalic.ttf ... 
2019-05-14 05:16:29 +0000  264004 bytes for ./Montserrat-ExtraLightItalic.ttf
2019-05-14 05:16:29 +0000  copying file ./TafsirMimpi ... 
2019-05-14 05:16:29 +0000  28581872 bytes for ./TafsirMimpi
copying file ./Montserrat-ExtraBold.ttf ... 
2019-05-14 05:16:29 +0000  262108 bytes for ./Montserrat-ExtraBold.ttf
copying file ./main.jsbundle ... 
899621 bytes for ./main.jsbundle
copying file ./Raleway-BlackItalic.ttf ... 
148368 bytes for ./Raleway-BlackItalic.ttf
copying file ./OpenSans-Bold.ttf ... 
224452 bytes for ./OpenSans-Bold.ttf
copying file ./Montserrat-Black.ttf ... 
2019-05-14 05:16:29 +0000  275192 bytes for ./Montserrat-Black.ttf
copying file ./OpenSans-SemiBoldItalic.ttf ... 
212732 bytes for ./OpenSans-SemiBoldItalic.ttf
copying file ./Lato-BoldItalic.ttf ... 
120312 bytes for ./Lato-BoldItalic.ttf
copying file ./Montserrat-Regular.ttf ... 
263192 bytes for ./Montserrat-Regular.ttf
copying file ./Lato-Light.ttf ... 
122524 bytes for ./Lato-Light.ttf
copying file ./Raleway-LightItalic.ttf ... 
148368 bytes for ./Raleway-LightItalic.ttf
copying file ./Montserrat-Italic.ttf ... 
2019-05-14 05:16:29 +0000  266628 bytes for ./Montserrat-Italic.ttf
2019-05-14 05:16:29 +0000  copying file ./OpenSans-ExtraBoldItalic.ttf ... 
2019-05-14 05:16:29 +0000  213336 bytes for ./OpenSans-ExtraBoldItalic.ttf
2019-05-14 05:16:29 +0000  copying file ./Raleway-Thin.ttf ... 
2019-05-14 05:16:29 +0000  177572 bytes for ./Raleway-Thin.ttf
copying file ./OpenSans-Regular.ttf ... 
2019-05-14 05:16:29 +0000  217276 bytes for ./OpenSans-Regular.ttf
copying file ./OpenSans-BoldItalic.ttf ... 
2019-05-14 05:16:29 +0000  213168 bytes for ./OpenSans-BoldItalic.ttf
copying file ./embedded.mobileprovision ... 
2019-05-14 05:16:29 +0000  9641 bytes for ./embedded.mobileprovision
2019-05-14 05:16:29 +0000  copying file ./assets/node_modules/react-navigation-stack/src/views/assets/back-icon@3x.png ... 
2019-05-14 05:16:29 +0000  761 bytes for ./assets/node_modules/react-navigation-stack/src/views/assets/back-icon@3x.png
2019-05-14 05:16:29 +0000  copying file ./assets/node_modules/react-navigation-stack/src/views/assets/back-icon@2x.png ... 
2019-05-14 05:16:29 +0000  405 bytes for ./assets/node_modules/react-navigation-stack/src/views/assets/back-icon@2x.png
2019-05-14 05:16:29 +0000  copying file ./assets/node_modules/react-navigation-stack/src/views/assets/back-icon.png ... 
2019-05-14 05:16:29 +0000  290 bytes for ./assets/node_modules/react-navigation-stack/src/views/assets/back-icon.png
copying file ./assets/node_modules/react-navigation-stack/src/views/assets/back-icon-mask.png ... 
2019-05-14 05:16:29 +0000  1619 bytes for ./assets/node_modules/react-navigation-stack/src/views/assets/back-icon-mask.png
2019-05-14 05:16:29 +0000  copying file ./assets/src/image/tepi.png ... 
2019-05-14 05:16:29 +0000  1135 bytes for ./assets/src/image/tepi.png
2019-05-14 05:16:29 +0000  copying file ./assets/src/image/bg_samping.png ... 
2019-05-14 05:16:29 +0000  19201 bytes for ./assets/src/image/bg_samping.png
2019-05-14 05:16:29 +0000  copying file ./Raleway-Italic.ttf ... 
2019-05-14 05:16:29 +0000  145920 bytes for ./Raleway-Italic.ttf
2019-05-14 05:16:29 +0000  copying file ./Raleway-Bold.ttf ... 
2019-05-14 05:16:29 +0000  179244 bytes for ./Raleway-Bold.ttf
2019-05-14 05:16:29 +0000  copying file ./Info.plist ... 
2019-05-14 05:16:29 +0000  1497 bytes for ./Info.plist
2019-05-14 05:16:29 +0000  copying file ./Montserrat-SemiBoldItalic.ttf ... 
2019-05-14 05:16:29 +0000  266336 bytes for ./Montserrat-SemiBoldItalic.ttf
2019-05-14 05:16:29 +0000  copying file ./PkgInfo ... 
2019-05-14 05:16:29 +0000  8 bytes for ./PkgInfo
2019-05-14 05:16:29 +0000  copying file ./Montserrat-ExtraBoldItalic.ttf ... 
2019-05-14 05:16:29 +0000  267004 bytes for ./Montserrat-ExtraBoldItalic.ttf
2019-05-14 05:16:29 +0000  /usr/bin/ditto exited with 0
2019-05-14 05:16:29 +0000  Processing step: IDEDistributionEmbedProfileStep
2019-05-14 05:16:29 +0000  Processing step: IDEDistributionItemRemovalStep
2019-05-14 05:16:29 +0000  Processing step: IDEDistributionAppThinningPlistStep
2019-05-14 05:16:29 +0000  Skipping step: IDEDistributionAppThinningPlistStep because it said so
2019-05-14 05:16:29 +0000  Processing step: IDEDistributionCompileBitcodeStep
2019-05-14 05:16:29 +0000  Skipping step: IDEDistributionCompileBitcodeStep because it said so
2019-05-14 05:16:29 +0000  Processing step: IDEDistributionCodeSlimmingStep
2019-05-14 05:16:29 +0000  Processing step: IDEDistributionCopyBCSymbolMapsStep
2019-05-14 05:16:30 +0000  Running /usr/bin/ditto '-V' '/Users/gua/Library/Developer/Xcode/Archives/2019-05-14/TafsirMimpi 14-05-19 12.14.xcarchive/BCSymbolMaps/A6E7E078-5002-329A-9946-8130E4440E75.bcsymbolmap' '/var/folders/xd/wrc1gx9n2fx2f28b3jm_hgbc0000gp/T/XcodeDistPipeline.~~~8Czq2V/Root/BCSymbolMaps/A6E7E078-5002-329A-9946-8130E4440E75.bcsymbolmap'
2019-05-14 05:16:30 +0000  >>> Copying /Users/gua/Library/Developer/Xcode/Archives/2019-05-14/TafsirMimpi 14-05-19 12.14.xcarchive/BCSymbolMaps/A6E7E078-5002-329A-9946-8130E4440E75.bcsymbolmap 
2019-05-14 05:16:30 +0000  copying file ./A6E7E078-5002-329A-9946-8130E4440E75.bcsymbolmap ... 
2019-05-14 05:16:30 +0000  859374 bytes for ./A6E7E078-5002-329A-9946-8130E4440E75.bcsymbolmap
2019-05-14 05:16:30 +0000  /usr/bin/ditto exited with 0
2019-05-14 05:16:30 +0000  Running /usr/bin/ditto '-V' '/Users/gua/Library/Developer/Xcode/Archives/2019-05-14/TafsirMimpi 14-05-19 12.14.xcarchive/BCSymbolMaps/6C06DF96-7ECA-30BE-BB8D-1D8DB8F4105B.bcsymbolmap' '/var/folders/xd/wrc1gx9n2fx2f28b3jm_hgbc0000gp/T/XcodeDistPipeline.~~~8Czq2V/Root/BCSymbolMaps/6C06DF96-7ECA-30BE-BB8D-1D8DB8F4105B.bcsymbolmap'
2019-05-14 05:16:30 +0000  >>> Copying /Users/gua/Library/Developer/Xcode/Archives/2019-05-14/TafsirMimpi 14-05-19 12.14.xcarchive/BCSymbolMaps/6C06DF96-7ECA-30BE-BB8D-1D8DB8F4105B.bcsymbolmap 
2019-05-14 05:16:30 +0000  copying file ./6C06DF96-7ECA-30BE-BB8D-1D8DB8F4105B.bcsymbolmap ... 
2019-05-14 05:16:30 +0000  869596 bytes for ./6C06DF96-7ECA-30BE-BB8D-1D8DB8F4105B.bcsymbolmap
2019-05-14 05:16:30 +0000  /usr/bin/ditto exited with 0
2019-05-14 05:16:30 +0000  Processing step: IDEDistributionSymbolsStep
2019-05-14 05:16:30 +0000  Excluding symbols for TafsirMimpi.app
2019-05-14 05:16:30 +0000  Processing step: IDEDistributionCopyAppleProvidedContentStep
2019-05-14 05:16:30 +0000  Processing step: IDEDistributionAppThinningStep
2019-05-14 05:16:30 +0000  Skipping step: IDEDistributionAppThinningStep because it said so
2019-05-14 05:16:30 +0000  Processing step: IDEDistributionArchThinningStep
2019-05-14 05:16:30 +0000  Running /Applications/Xcode.app/Contents/Developer/Toolchains/XcodeDefault.xctoolchain/usr/bin/lipo '/var/folders/xd/wrc1gx9n2fx2f28b3jm_hgbc0000gp/T/XcodeDistPipeline.~~~8Czq2V/Root/Payload/TafsirMimpi.app/TafsirMimpi' '-verify_arch' 'arm64e'
2019-05-14 05:16:30 +0000  /Applications/Xcode.app/Contents/Developer/Toolchains/XcodeDefault.xctoolchain/usr/bin/lipo exited with 1
2019-05-14 05:16:30 +0000  Skipping architecture thinning for item "TafsirMimpi" because arch "arm64e" wasn't found
2019-05-14 05:16:30 +0000  Processing step: IDEDistributionODRStep
2019-05-14 05:16:30 +0000  Processing step: IDEDistributionStripXattrsStep
2019-05-14 05:16:30 +0000  Running /usr/bin/xattr '-crs' '/var/folders/xd/wrc1gx9n2fx2f28b3jm_hgbc0000gp/T/XcodeDistPipeline.~~~8Czq2V/Root/Payload/TafsirMimpi.app'
2019-05-14 05:16:30 +0000  /usr/bin/xattr exited with 0
2019-05-14 05:16:30 +0000  Processing step: IDEDistributionCodesignStep
2019-05-14 05:16:30 +0000  Entitlements for <IDEDistributionItem: 0x7f8c19953580 'org.reactjs.native.example.tafsirmimpi' '<DVTFilePath:0x7f8c37c5abc0:'/Users/gua/Library/Developer/Xcode/Archives/2019-05-14/TafsirMimpi 14-05-19 12.14.xcarchive/Products/Applications/TafsirMimpi.app'>'>: {
    "application-identifier" = "3K8X379JCY.org.reactjs.native.example.tafsirmimpi";
    "beta-reports-active" = 1;
    "com.apple.developer.team-identifier" = 3K8X379JCY;
    "get-task-allow" = 0;
    "keychain-access-groups" =     (
        "3K8X379JCY.org.reactjs.native.example.tafsirmimpi"
    );
}
2019-05-14 05:16:30 +0000  Writing entitlements for <IDEDistributionItem: 0x7f8c19953580 'org.reactjs.native.example.tafsirmimpi' '<DVTFilePath:0x7f8c37c5abc0:'/Users/gua/Library/Developer/Xcode/Archives/2019-05-14/TafsirMimpi 14-05-19 12.14.xcarchive/Products/Applications/TafsirMimpi.app'>'> to: /var/folders/xd/wrc1gx9n2fx2f28b3jm_hgbc0000gp/T/XcodeDistPipeline.~~~8Czq2V/entitlements~~~bx8duY
2019-05-14 05:16:30 +0000  Running /usr/bin/codesign '-vvv' '--force' '--sign' 'AF33167B03DB57E702EA28BCA3BAB67C7BA846B7' '--entitlements' '/var/folders/xd/wrc1gx9n2fx2f28b3jm_hgbc0000gp/T/XcodeDistPipeline.~~~8Czq2V/entitlements~~~bx8duY' '--preserve-metadata=identifier,flags,runtime' '/var/folders/xd/wrc1gx9n2fx2f28b3jm_hgbc0000gp/T/XcodeDistPipeline.~~~8Czq2V/Root/Payload/TafsirMimpi.app'
2019-05-14 05:16:30 +0000  /var/folders/xd/wrc1gx9n2fx2f28b3jm_hgbc0000gp/T/XcodeDistPipeline.~~~8Czq2V/Root/Payload/TafsirMimpi.app: signed app bundle with Mach-O universal (armv7 arm64) [org.reactjs.native.example.tafsirmimpi]
2019-05-14 05:16:30 +0000  /usr/bin/codesign exited with 0
2019-05-14 05:16:30 +0000  Processing step: IDEDistributionZipODRItemStep
2019-05-14 05:16:30 +0000  Skipping step: IDEDistributionZipODRItemStep because it said so
2019-05-14 05:16:30 +0000  Processing step: IDEDistributionCreateIPAStep
2019-05-14 05:16:30 +0000  Running /usr/bin/ditto '-V' '-c' '-k' '--norsrc' '/var/folders/xd/wrc1gx9n2fx2f28b3jm_hgbc0000gp/T/XcodeDistPipeline.~~~8Czq2V/Root' '/var/folders/xd/wrc1gx9n2fx2f28b3jm_hgbc0000gp/T/XcodeDistPipeline.~~~8Czq2V/Packages/TafsirMimpi.ipa'
2019-05-14 05:16:30 +0000  >>> Copying /var/folders/xd/wrc1gx9n2fx2f28b3jm_hgbc0000gp/T/XcodeDistPipeline.~~~8Czq2V/Root 
2019-05-14 05:16:30 +0000  copying file ./BCSymbolMaps/6C06DF96-7ECA-30BE-BB8D-1D8DB8F4105B.bcsymbolmap ... 
2019-05-14 05:16:30 +0000  869596 bytes for ./BCSymbolMaps/6C06DF96-7ECA-30BE-BB8D-1D8DB8F4105B.bcsymbolmap
copying file ./BCSymbolMaps/A6E7E078-5002-329A-9946-8130E4440E75.bcsymbolmap ... 
2019-05-14 05:16:30 +0000  859374 bytes for ./BCSymbolMaps/A6E7E078-5002-329A-9946-8130E4440E75.bcsymbolmap
2019-05-14 05:16:30 +0000  copying file ./Payload/TafsirMimpi.app/_CodeSignature/CodeResources ... 
2019-05-14 05:16:30 +0000  24843 bytes for ./Payload/TafsirMimpi.app/_CodeSignature/CodeResources
2019-05-14 05:16:30 +0000  copying file ./Payload/TafsirMimpi.app/Lato-Italic.ttf ... 
2019-05-14 05:16:30 +0000  118352 bytes for ./Payload/TafsirMimpi.app/Lato-Italic.ttf
copying file ./Payload/TafsirMimpi.app/Raleway-BoldItalic.ttf ... 
2019-05-14 05:16:30 +0000  148184 bytes for ./Payload/TafsirMimpi.app/Raleway-BoldItalic.ttf
copying file ./Payload/TafsirMimpi.app/Lato-LightItalic.ttf ... 
2019-05-14 05:16:30 +0000  91600 bytes for ./Payload/TafsirMimpi.app/Lato-LightItalic.ttf
copying file ./Payload/TafsirMimpi.app/Raleway-MediumItalic.ttf ... 
2019-05-14 05:16:30 +0000  147568 bytes for ./Payload/TafsirMimpi.app/Raleway-MediumItalic.ttf
2019-05-14 05:16:30 +0000  copying file ./Payload/TafsirMimpi.app/AppIcon20x20@2x.png ... 
2019-05-14 05:16:30 +0000  1552 bytes for ./Payload/TafsirMimpi.app/AppIcon20x20@2x.png
2019-05-14 05:16:30 +0000  copying file ./Payload/TafsirMimpi.app/Montserrat-LightItalic.ttf ... 
2019-05-14 05:16:30 +0000  263712 bytes for ./Payload/TafsirMimpi.app/Montserrat-LightItalic.ttf
2019-05-14 05:16:30 +0000  copying file ./Payload/TafsirMimpi.app/OpenSans-SemiBold.ttf ... 
2019-05-14 05:16:30 +0000  221164 bytes for ./Payload/TafsirMimpi.app/OpenSans-SemiBold.ttf
copying file ./Payload/TafsirMimpi.app/Raleway-ThinItalic.ttf ... 
2019-05-14 05:16:30 +0000  141884 bytes for ./Payload/TafsirMimpi.app/Raleway-ThinItalic.ttf
copying file ./Payload/TafsirMimpi.app/Raleway-ExtraLight.ttf ... 
2019-05-14 05:16:30 +0000  176344 bytes for ./Payload/TafsirMimpi.app/Raleway-ExtraLight.ttf
copying file ./Payload/TafsirMimpi.app/Montserrat-Medium.ttf ... 
2019-05-14 05:16:30 +0000  260236 bytes for ./Payload/TafsirMimpi.app/Montserrat-Medium.ttf
2019-05-14 05:16:30 +0000  copying file ./Payload/TafsirMimpi.app/Lato-Bold.ttf ... 
2019-05-14 05:16:30 +0000  121788 bytes for ./Payload/TafsirMimpi.app/Lato-Bold.ttf
2019-05-14 05:16:30 +0000  copying file ./Payload/TafsirMimpi.app/Lato-Black.ttf ... 
2019-05-14 05:16:30 +0000  114588 bytes for ./Payload/TafsirMimpi.app/Lato-Black.ttf
copying file ./Payload/TafsirMimpi.app/AppIcon20x20@3x.png ... 
2019-05-14 05:16:30 +0000  2200 bytes for ./Payload/TafsirMimpi.app/AppIcon20x20@3x.png
2019-05-14 05:16:30 +0000  copying file ./Payload/TafsirMimpi.app/Raleway-Medium.ttf ... 
2019-05-14 05:16:30 +0000  179444 bytes for ./Payload/TafsirMimpi.app/Raleway-Medium.ttf
2019-05-14 05:16:30 +0000  copying file ./Payload/TafsirMimpi.app/Raleway-SemiBold.ttf ... 
2019-05-14 05:16:30 +0000  180492 bytes for ./Payload/TafsirMimpi.app/Raleway-SemiBold.ttf
2019-05-14 05:16:30 +0000  copying file ./Payload/TafsirMimpi.app/Aristotelica-Bold.ttf ... 
2019-05-14 05:16:30 +0000  297692 bytes for ./Payload/TafsirMimpi.app/Aristotelica-Bold.ttf
copying file ./Payload/TafsirMimpi.app/Lato-HairlineItalic.ttf ... 
2019-05-14 05:16:30 +0000  91460 bytes for ./Payload/TafsirMimpi.app/Lato-HairlineItalic.ttf
2019-05-14 05:16:30 +0000  copying file ./Payload/TafsirMimpi.app/Raleway-ExtraBold.ttf ... 
2019-05-14 05:16:30 +0000  178128 bytes for ./Payload/TafsirMimpi.app/Raleway-ExtraBold.ttf
copying file ./Payload/TafsirMimpi.app/AppIcon60x60@2x.png ... 
2019-05-14 05:16:30 +0000  5024 bytes for ./Payload/TafsirMimpi.app/AppIcon60x60@2x.png
copying file ./Payload/TafsirMimpi.app/Montserrat-BoldItalic.ttf ... 
2019-05-14 05:16:30 +0000  266748 bytes for ./Payload/TafsirMimpi.app/Montserrat-BoldItalic.ttf
2019-05-14 05:16:30 +0000  copying file ./Payload/TafsirMimpi.app/Raleway-ExtraBoldItalic.ttf ... 
2019-05-14 05:16:30 +0000  148100 bytes for ./Payload/TafsirMimpi.app/Raleway-ExtraBoldItalic.ttf
2019-05-14 05:16:30 +0000  copying file ./Payload/TafsirMimpi.app/Montserrat-Light.ttf ... 
2019-05-14 05:16:30 +0000  259416 bytes for ./Payload/TafsirMimpi.app/Montserrat-Light.ttf
2019-05-14 05:16:30 +0000  copying file ./Payload/TafsirMimpi.app/AppIcon29x29@2x.png ... 
2020 bytes for ./Payload/TafsirMimpi.app/AppIcon29x29@2x.png
copying file ./Payload/TafsirMimpi.app/Montserrat-ThinItalic.ttf ... 
2019-05-14 05:16:30 +0000  262776 bytes for ./Payload/TafsirMimpi.app/Montserrat-ThinItalic.ttf
copying file ./Payload/TafsirMimpi.app/AppIcon40x40@3x.png ... 
2019-05-14 05:16:30 +0000  5024 bytes for ./Payload/TafsirMimpi.app/AppIcon40x40@3x.png
2019-05-14 05:16:30 +0000  copying file ./Payload/TafsirMimpi.app/Montserrat-ExtraLight.ttf ... 
2019-05-14 05:16:30 +0000  259888 bytes for ./Payload/TafsirMimpi.app/Montserrat-ExtraLight.ttf
2019-05-14 05:16:30 +0000  copying file ./Payload/TafsirMimpi.app/Montserrat-Thin.ttf ... 
2019-05-14 05:16:30 +0000  258748 bytes for ./Payload/TafsirMimpi.app/Montserrat-Thin.ttf
2019-05-14 05:16:30 +0000  copying file ./Payload/TafsirMimpi.app/Lato-Regular.ttf ... 
2019-05-14 05:16:30 +0000  120196 bytes for ./Payload/TafsirMimpi.app/Lato-Regular.ttf
copying file ./Payload/TafsirMimpi.app/OpenSans-Light.ttf ... 
2019-05-14 05:16:30 +0000  222236 bytes for ./Payload/TafsirMimpi.app/OpenSans-Light.ttf
copying file ./Payload/TafsirMimpi.app/Raleway-Regular.ttf ... 
2019-05-14 05:16:30 +0000  178520 bytes for ./Payload/TafsirMimpi.app/Raleway-Regular.ttf
2019-05-14 05:16:30 +0000  copying file ./Payload/TafsirMimpi.app/Montserrat-Bold.ttf ... 
2019-05-14 05:16:30 +0000  261588 bytes for ./Payload/TafsirMimpi.app/Montserrat-Bold.ttf
2019-05-14 05:16:30 +0000  copying file ./Payload/TafsirMimpi.app/Raleway-ExtraLightItalic.ttf ... 
2019-05-14 05:16:30 +0000  142192 bytes for ./Payload/TafsirMimpi.app/Raleway-ExtraLightItalic.ttf
copying file ./Payload/TafsirMimpi.app/Montserrat-MediumItalic.ttf ... 
2019-05-14 05:16:31 +0000  265176 bytes for ./Payload/TafsirMimpi.app/Montserrat-MediumItalic.ttf
copying file ./Payload/TafsirMimpi.app/Lato-Hairline.ttf ... 
2019-05-14 05:16:31 +0000  115316 bytes for ./Payload/TafsirMimpi.app/Lato-Hairline.ttf
2019-05-14 05:16:31 +0000  copying file ./Payload/TafsirMimpi.app/AppIcon40x40@2x.png ... 
2019-05-14 05:16:31 +0000  3470 bytes for ./Payload/TafsirMimpi.app/AppIcon40x40@2x.png
copying file ./Payload/TafsirMimpi.app/OpenSans-Italic.ttf ... 
2019-05-14 05:16:31 +0000  212760 bytes for ./Payload/TafsirMimpi.app/OpenSans-Italic.ttf
copying file ./Payload/TafsirMimpi.app/Raleway-SemiBoldItalic.ttf ... 
2019-05-14 05:16:31 +0000  146584 bytes for ./Payload/TafsirMimpi.app/Raleway-SemiBoldItalic.ttf
2019-05-14 05:16:31 +0000  copying file ./Payload/TafsirMimpi.app/Lato-BlackItalic.ttf ... 
2019-05-14 05:16:31 +0000  111616 bytes for ./Payload/TafsirMimpi.app/Lato-BlackItalic.ttf
2019-05-14 05:16:31 +0000  copying file ./Payload/TafsirMimpi.app/AppIcon29x29@3x.png ... 
2019-05-14 05:16:31 +0000  3442 bytes for ./Payload/TafsirMimpi.app/AppIcon29x29@3x.png
copying file ./Payload/TafsirMimpi.app/Montserrat-BlackItalic.ttf ... 
2019-05-14 05:16:31 +0000  279380 bytes for ./Payload/TafsirMimpi.app/Montserrat-BlackItalic.ttf
2019-05-14 05:16:31 +0000  copying file ./Payload/TafsirMimpi.app/Raleway-Light.ttf ... 
2019-05-14 05:16:31 +0000  182376 bytes for ./Payload/TafsirMimpi.app/Raleway-Light.ttf
copying file ./Payload/TafsirMimpi.app/AppIcon60x60@3x.png ... 
2019-05-14 05:16:31 +0000  6991 bytes for ./Payload/TafsirMimpi.app/AppIcon60x60@3x.png
2019-05-14 05:16:31 +0000  copying file ./Payload/TafsirMimpi.app/Base.lproj/LaunchScreen.nib ... 
2019-05-14 05:16:31 +0000  1213 bytes for ./Payload/TafsirMimpi.app/Base.lproj/LaunchScreen.nib
2019-05-14 05:16:31 +0000  copying file ./Payload/TafsirMimpi.app/OpenSans-ExtraBold.ttf ... 
2019-05-14 05:16:31 +0000  222424 bytes for ./Payload/TafsirMimpi.app/OpenSans-ExtraBold.ttf
2019-05-14 05:16:31 +0000  copying file ./Payload/TafsirMimpi.app/Assets.car ... 
2019-05-14 05:16:31 +0000  170088 bytes for ./Payload/TafsirMimpi.app/Assets.car
copying file ./Payload/TafsirMimpi.app/Montserrat-SemiBold.ttf ... 
2019-05-14 05:16:31 +0000  260936 bytes for ./Payload/TafsirMimpi.app/Montserrat-SemiBold.ttf
copying file ./Payload/TafsirMimpi.app/OpenSans-LightItalic.ttf ... 
2019-05-14 05:16:31 +0000  213024 bytes for ./Payload/TafsirMimpi.app/OpenSans-LightItalic.ttf
2019-05-14 05:16:31 +0000  copying file ./Payload/TafsirMimpi.app/Raleway-Black.ttf ... 
2019-05-14 05:16:31 +0000  180592 bytes for ./Payload/TafsirMimpi.app/Raleway-Black.ttf
2019-05-14 05:16:31 +0000  copying file ./Payload/TafsirMimpi.app/Montserrat-ExtraLightItalic.ttf ... 
2019-05-14 05:16:31 +0000  264004 bytes for ./Payload/TafsirMimpi.app/Montserrat-ExtraLightItalic.ttf
2019-05-14 05:16:31 +0000  copying file ./Payload/TafsirMimpi.app/TafsirMimpi ... 
2019-05-14 05:16:32 +0000  25040384 bytes for ./Payload/TafsirMimpi.app/TafsirMimpi
copying file ./Payload/TafsirMimpi.app/Montserrat-ExtraBold.ttf ... 
2019-05-14 05:16:32 +0000  262108 bytes for ./Payload/TafsirMimpi.app/Montserrat-ExtraBold.ttf
copying file ./Payload/TafsirMimpi.app/main.jsbundle ... 
2019-05-14 05:16:32 +0000  899621 bytes for ./Payload/TafsirMimpi.app/main.jsbundle
copying file ./Payload/TafsirMimpi.app/Raleway-BlackItalic.ttf ... 
2019-05-14 05:16:32 +0000  148368 bytes for ./Payload/TafsirMimpi.app/Raleway-BlackItalic.ttf
copying file ./Payload/TafsirMimpi.app/OpenSans-Bold.ttf ... 
2019-05-14 05:16:32 +0000  224452 bytes for ./Payload/TafsirMimpi.app/OpenSans-Bold.ttf
2019-05-14 05:16:32 +0000  copying file ./Payload/TafsirMimpi.app/Montserrat-Black.ttf ... 
2019-05-14 05:16:32 +0000  275192 bytes for ./Payload/TafsirMimpi.app/Montserrat-Black.ttf
copying file ./Payload/TafsirMimpi.app/OpenSans-SemiBoldItalic.ttf ... 
2019-05-14 05:16:32 +0000  212732 bytes for ./Payload/TafsirMimpi.app/OpenSans-SemiBoldItalic.ttf
copying file ./Payload/TafsirMimpi.app/Lato-BoldItalic.ttf ... 
2019-05-14 05:16:32 +0000  120312 bytes for ./Payload/TafsirMimpi.app/Lato-BoldItalic.ttf
2019-05-14 05:16:32 +0000  copying file ./Payload/TafsirMimpi.app/Montserrat-Regular.ttf ... 
2019-05-14 05:16:32 +0000  263192 bytes for ./Payload/TafsirMimpi.app/Montserrat-Regular.ttf
2019-05-14 05:16:32 +0000  copying file ./Payload/TafsirMimpi.app/Lato-Light.ttf ... 
2019-05-14 05:16:32 +0000  122524 bytes for ./Payload/TafsirMimpi.app/Lato-Light.ttf
2019-05-14 05:16:32 +0000  copying file ./Payload/TafsirMimpi.app/Raleway-LightItalic.ttf ... 
2019-05-14 05:16:32 +0000  148368 bytes for ./Payload/TafsirMimpi.app/Raleway-LightItalic.ttf
2019-05-14 05:16:32 +0000  copying file ./Payload/TafsirMimpi.app/Montserrat-Italic.ttf ... 
2019-05-14 05:16:32 +0000  266628 bytes for ./Payload/TafsirMimpi.app/Montserrat-Italic.ttf
2019-05-14 05:16:32 +0000  copying file ./Payload/TafsirMimpi.app/OpenSans-ExtraBoldItalic.ttf ... 
2019-05-14 05:16:32 +0000  213336 bytes for ./Payload/TafsirMimpi.app/OpenSans-ExtraBoldItalic.ttf
2019-05-14 05:16:32 +0000  copying file ./Payload/TafsirMimpi.app/Raleway-Thin.ttf ... 
2019-05-14 05:16:32 +0000  177572 bytes for ./Payload/TafsirMimpi.app/Raleway-Thin.ttf
2019-05-14 05:16:32 +0000  copying file ./Payload/TafsirMimpi.app/OpenSans-Regular.ttf ... 
2019-05-14 05:16:32 +0000  217276 bytes for ./Payload/TafsirMimpi.app/OpenSans-Regular.ttf
2019-05-14 05:16:32 +0000  copying file ./Payload/TafsirMimpi.app/OpenSans-BoldItalic.ttf ... 
2019-05-14 05:16:32 +0000  213168 bytes for ./Payload/TafsirMimpi.app/OpenSans-BoldItalic.ttf
copying file ./Payload/TafsirMimpi.app/embedded.mobileprovision ... 
2019-05-14 05:16:32 +0000  9469 bytes for ./Payload/TafsirMimpi.app/embedded.mobileprovision
2019-05-14 05:16:32 +0000  copying file ./Payload/TafsirMimpi.app/assets/node_modules/react-navigation-stack/src/views/assets/back-icon@3x.png ... 
2019-05-14 05:16:32 +0000  761 bytes for ./Payload/TafsirMimpi.app/assets/node_modules/react-navigation-stack/src/views/assets/back-icon@3x.png
2019-05-14 05:16:32 +0000  copying file ./Payload/TafsirMimpi.app/assets/node_modules/react-navigation-stack/src/views/assets/back-icon@2x.png ... 
2019-05-14 05:16:32 +0000  405 bytes for ./Payload/TafsirMimpi.app/assets/node_modules/react-navigation-stack/src/views/assets/back-icon@2x.png
copying file ./Payload/TafsirMimpi.app/assets/node_modules/react-navigation-stack/src/views/assets/back-icon.png ... 
2019-05-14 05:16:32 +0000  290 bytes for ./Payload/TafsirMimpi.app/assets/node_modules/react-navigation-stack/src/views/assets/back-icon.png
2019-05-14 05:16:32 +0000  copying file ./Payload/TafsirMimpi.app/assets/node_modules/react-navigation-stack/src/views/assets/back-icon-mask.png ... 
2019-05-14 05:16:32 +0000  1619 bytes for ./Payload/TafsirMimpi.app/assets/node_modules/react-navigation-stack/src/views/assets/back-icon-mask.png
2019-05-14 05:16:32 +0000  copying file ./Payload/TafsirMimpi.app/assets/src/image/tepi.png ... 
2019-05-14 05:16:32 +0000  1135 bytes for ./Payload/TafsirMimpi.app/assets/src/image/tepi.png
copying file ./Payload/TafsirMimpi.app/assets/src/image/bg_samping.png ... 
2019-05-14 05:16:32 +0000  19201 bytes for ./Payload/TafsirMimpi.app/assets/src/image/bg_samping.png
2019-05-14 05:16:32 +0000  copying file ./Payload/TafsirMimpi.app/Raleway-Italic.ttf ... 
2019-05-14 05:16:32 +0000  145920 bytes for ./Payload/TafsirMimpi.app/Raleway-Italic.ttf
2019-05-14 05:16:32 +0000  copying file ./Payload/TafsirMimpi.app/Raleway-Bold.ttf ... 
2019-05-14 05:16:32 +0000  179244 bytes for ./Payload/TafsirMimpi.app/Raleway-Bold.ttf
copying file ./Payload/TafsirMimpi.app/Info.plist ... 
2019-05-14 05:16:32 +0000  1497 bytes for ./Payload/TafsirMimpi.app/Info.plist
copying file ./Payload/TafsirMimpi.app/Montserrat-SemiBoldItalic.ttf ... 
2019-05-14 05:16:32 +0000  266336 bytes for ./Payload/TafsirMimpi.app/Montserrat-SemiBoldItalic.ttf
2019-05-14 05:16:32 +0000  copying file ./Payload/TafsirMimpi.app/PkgInfo ... 
8 bytes for ./Payload/TafsirMimpi.app/PkgInfo
copying file ./Payload/TafsirMimpi.app/Montserrat-ExtraBoldItalic.ttf ... 
2019-05-14 05:16:32 +0000  267004 bytes for ./Payload/TafsirMimpi.app/Montserrat-ExtraBoldItalic.ttf
2019-05-14 05:16:32 +0000  /usr/bin/ditto exited with 0
2019-05-14 05:16:32 +0000  Processing step: IDEDistributionAppStoreInformationStep
2019-05-14 05:16:32 +0000  Skipping step: IDEDistributionAppStoreInformationStep because it said so
2019-05-14 05:16:32 +0000  Processing step: IDEDistributionCreateManifestStep
2019-05-14 05:16:32 +0000  Skipping step: IDEDistributionCreateManifestStep because it said so
